30 Jul 2021 - 00:00:01.804 [http-nio-8090-exec-2] INFO  o.a.c.c.C.[Tomcat].[localhost].[/] - Initializing Spring DispatcherServlet 'dispatcherServlet'
30 Jul 2021 - 00:00:11.666 [http-nio-8090-exec-3] INFO  B.e.g.c.AssignmentController - **GET TEACHER PAGINATED ASSIGNMENTS** Access to the endpoint successful.
30 Jul 2021 - 00:00:11.724 [http-nio-8090-exec-3] INFO  B.e.g.c.AssignmentController - **GET TEACHER PAGINATED ASSIGNMENTS** Attempt to invoke service to translate assignemnts to DTOSs.
30 Jul 2021 - 00:00:11.725 [http-nio-8090-exec-3] INFO  B.e.g.s.a.AssignmentServiceImp - ##ASIGNMENT SERVICE## Accessed service teacher assignments pagination.
30 Jul 2021 - 00:00:11.754 [http-nio-8090-exec-3] ERROR o.a.c.c.C.[.[.[.[dispatcherServlet] - Servlet.service() for servlet [dispatcherServlet] in context with path [] threw exception [Request processing failed; nested exception is java.util.NoSuchElementException: No value present] with root cause
java.util.NoSuchElementException: No value present
	at java.base/java.util.Optional.get(Optional.java:141)
	at Brains2021.electronic.gradeBook.services.assignment.AssignmentServiceImp.getAssignmentsPaginatedForTeacher(AssignmentServiceImp.java:381)
	at Brains2021.electronic.gradeBook.controllers.AssignmentController.getMyTeacherAssignments(AssignmentController.java:892)
	at Brains2021.electronic.gradeBook.controllers.AssignmentController$$FastClassBySpringCGLIB$$6740d70c.invoke(<generated>)
	at org.springframework.cglib.proxy.MethodProxy.invoke(MethodProxy.java:218)
	at org.springframework.aop.framework.CglibAopProxy$CglibMethodInvocation.invokeJoinpoint(CglibAopProxy.java:779)
	at org.springframework.aop.framework.ReflectiveMethodInvocation.proceed(ReflectiveMethodInvocation.java:163)
	at org.springframework.aop.framework.CglibAopProxy$CglibMethodInvocation.proceed(CglibAopProxy.java:750)
	at org.springframework.security.access.intercept.aopalliance.MethodSecurityInterceptor.invoke(MethodSecurityInterceptor.java:61)
	at org.springframework.aop.framework.ReflectiveMethodInvocation.proceed(ReflectiveMethodInvocation.java:186)
	at org.springframework.aop.framework.CglibAopProxy$CglibMethodInvocation.proceed(CglibAopProxy.java:750)
	at org.springframework.aop.framework.CglibAopProxy$DynamicAdvisedInterceptor.intercept(CglibAopProxy.java:692)
	at Brains2021.electronic.gradeBook.controllers.AssignmentController$$EnhancerBySpringCGLIB$$b314edb.getMyTeacherAssignments(<generated>)
	at java.base/jdk.internal.reflect.NativeMethodAccessorImpl.invoke0(Native Method)
	at java.base/jdk.internal.reflect.NativeMethodAccessorImpl.invoke(NativeMethodAccessorImpl.java:64)
	at java.base/jdk.internal.reflect.DelegatingMethodAccessorImpl.invoke(DelegatingMethodAccessorImpl.java:43)
	at java.base/java.lang.reflect.Method.invoke(Method.java:564)
	at org.springframework.web.method.support.InvocableHandlerMethod.doInvoke(InvocableHandlerMethod.java:197)
	at org.springframework.web.method.support.InvocableHandlerMethod.invokeForRequest(InvocableHandlerMethod.java:141)
	at org.springframework.web.servlet.mvc.method.annotation.ServletInvocableHandlerMethod.invokeAndHandle(ServletInvocableHandlerMethod.java:106)
	at org.springframework.web.servlet.mvc.method.annotation.RequestMappingHandlerAdapter.invokeHandlerMethod(RequestMappingHandlerAdapter.java:894)
	at org.springframework.web.servlet.mvc.method.annotation.RequestMappingHandlerAdapter.handleInternal(RequestMappingHandlerAdapter.java:808)
	at org.springframework.web.servlet.mvc.method.AbstractHandlerMethodAdapter.handle(AbstractHandlerMethodAdapter.java:87)
	at org.springframework.web.servlet.DispatcherServlet.doDispatch(DispatcherServlet.java:1063)
	at org.springframework.web.servlet.DispatcherServlet.doService(DispatcherServlet.java:963)
	at org.springframework.web.servlet.FrameworkServlet.processRequest(FrameworkServlet.java:1006)
	at org.springframework.web.servlet.FrameworkServlet.doGet(FrameworkServlet.java:898)
	at javax.servlet.http.HttpServlet.service(HttpServlet.java:655)
	at org.springframework.web.servlet.FrameworkServlet.service(FrameworkServlet.java:883)
	at javax.servlet.http.HttpServlet.service(HttpServlet.java:764)
	at org.apache.catalina.core.ApplicationFilterChain.internalDoFilter(ApplicationFilterChain.java:228)
	at org.apache.catalina.core.ApplicationFilterChain.doFilter(ApplicationFilterChain.java:163)
	at org.apache.tomcat.websocket.server.WsFilter.doFilter(WsFilter.java:53)
	at org.apache.catalina.core.ApplicationFilterChain.internalDoFilter(ApplicationFilterChain.java:190)
	at org.apache.catalina.core.ApplicationFilterChain.doFilter(ApplicationFilterChain.java:163)
	at org.springframework.security.web.FilterChainProxy$VirtualFilterChain.doFilter(FilterChainProxy.java:327)
	at org.springframework.security.web.access.intercept.FilterSecurityInterceptor.invoke(FilterSecurityInterceptor.java:115)
	at org.springframework.security.web.access.intercept.FilterSecurityInterceptor.doFilter(FilterSecurityInterceptor.java:81)
	at org.springframework.security.web.FilterChainProxy$VirtualFilterChain.doFilter(FilterChainProxy.java:336)
	at org.springframework.security.web.access.ExceptionTranslationFilter.doFilter(ExceptionTranslationFilter.java:121)
	at org.springframework.security.web.access.ExceptionTranslationFilter.doFilter(ExceptionTranslationFilter.java:115)
	at org.springframework.security.web.FilterChainProxy$VirtualFilterChain.doFilter(FilterChainProxy.java:336)
	at org.springframework.security.web.session.SessionManagementFilter.doFilter(SessionManagementFilter.java:126)
	at org.springframework.security.web.session.SessionManagementFilter.doFilter(SessionManagementFilter.java:81)
	at org.springframework.security.web.FilterChainProxy$VirtualFilterChain.doFilter(FilterChainProxy.java:336)
	at org.springframework.security.web.authentication.AnonymousAuthenticationFilter.doFilter(AnonymousAuthenticationFilter.java:105)
	at org.springframework.security.web.FilterChainProxy$VirtualFilterChain.doFilter(FilterChainProxy.java:336)
	at org.springframework.security.web.servletapi.SecurityContextHolderAwareRequestFilter.doFilter(SecurityContextHolderAwareRequestFilter.java:149)
	at org.springframework.security.web.FilterChainProxy$VirtualFilterChain.doFilter(FilterChainProxy.java:336)
	at org.springframework.security.web.savedrequest.RequestCacheAwareFilter.doFilter(RequestCacheAwareFilter.java:63)
	at org.springframework.security.web.FilterChainProxy$VirtualFilterChain.doFilter(FilterChainProxy.java:336)
	at Brains2021.electronic.gradeBook.config.JWTAuthorizationFilter.doFilterInternal(JWTAuthorizationFilter.java:50)
	at org.springframework.web.filter.OncePerRequestFilter.doFilter(OncePerRequestFilter.java:119)
	at org.springframework.security.web.FilterChainProxy$VirtualFilterChain.doFilter(FilterChainProxy.java:336)
	at org.springframework.security.web.authentication.logout.LogoutFilter.doFilter(LogoutFilter.java:103)
	at org.springframework.security.web.authentication.logout.LogoutFilter.doFilter(LogoutFilter.java:89)
	at org.springframework.security.web.FilterChainProxy$VirtualFilterChain.doFilter(FilterChainProxy.java:336)
	at org.springframework.security.web.header.HeaderWriterFilter.doHeadersAfter(HeaderWriterFilter.java:90)
	at org.springframework.security.web.header.HeaderWriterFilter.doFilterInternal(HeaderWriterFilter.java:75)
	at org.springframework.web.filter.OncePerRequestFilter.doFilter(OncePerRequestFilter.java:119)
	at org.springframework.security.web.FilterChainProxy$VirtualFilterChain.doFilter(FilterChainProxy.java:336)
	at org.springframework.security.web.context.SecurityContextPersistenceFilter.doFilter(SecurityContextPersistenceFilter.java:110)
	at org.springframework.security.web.context.SecurityContextPersistenceFilter.doFilter(SecurityContextPersistenceFilter.java:80)
	at org.springframework.security.web.FilterChainProxy$VirtualFilterChain.doFilter(FilterChainProxy.java:336)
	at org.springframework.security.web.context.request.async.WebAsyncManagerIntegrationFilter.doFilterInternal(WebAsyncManagerIntegrationFilter.java:55)
	at org.springframework.web.filter.OncePerRequestFilter.doFilter(OncePerRequestFilter.java:119)
	at org.springframework.security.web.FilterChainProxy$VirtualFilterChain.doFilter(FilterChainProxy.java:336)
	at org.springframework.security.web.FilterChainProxy.doFilterInternal(FilterChainProxy.java:211)
	at org.springframework.security.web.FilterChainProxy.doFilter(FilterChainProxy.java:183)
	at org.springframework.web.filter.DelegatingFilterProxy.invokeDelegate(DelegatingFilterProxy.java:358)
	at org.springframework.web.filter.DelegatingFilterProxy.doFilter(DelegatingFilterProxy.java:271)
	at org.apache.catalina.core.ApplicationFilterChain.internalDoFilter(ApplicationFilterChain.java:190)
	at org.apache.catalina.core.ApplicationFilterChain.doFilter(ApplicationFilterChain.java:163)
	at org.springframework.web.filter.RequestContextFilter.doFilterInternal(RequestContextFilter.java:100)
	at org.springframework.web.filter.OncePerRequestFilter.doFilter(OncePerRequestFilter.java:119)
	at org.apache.catalina.core.ApplicationFilterChain.internalDoFilter(ApplicationFilterChain.java:190)
	at org.apache.catalina.core.ApplicationFilterChain.doFilter(ApplicationFilterChain.java:163)
	at org.springframework.web.filter.FormContentFilter.doFilterInternal(FormContentFilter.java:93)
	at org.springframework.web.filter.OncePerRequestFilter.doFilter(OncePerRequestFilter.java:119)
	at org.apache.catalina.core.ApplicationFilterChain.internalDoFilter(ApplicationFilterChain.java:190)
	at org.apache.catalina.core.ApplicationFilterChain.doFilter(ApplicationFilterChain.java:163)
	at org.springframework.web.filter.CharacterEncodingFilter.doFilterInternal(CharacterEncodingFilter.java:201)
	at org.springframework.web.filter.OncePerRequestFilter.doFilter(OncePerRequestFilter.java:119)
	at org.apache.catalina.core.ApplicationFilterChain.internalDoFilter(ApplicationFilterChain.java:190)
	at org.apache.catalina.core.ApplicationFilterChain.doFilter(ApplicationFilterChain.java:163)
	at org.apache.catalina.core.StandardWrapperValve.invoke(StandardWrapperValve.java:202)
	at org.apache.catalina.core.StandardContextValve.invoke(StandardContextValve.java:97)
	at org.apache.catalina.authenticator.AuthenticatorBase.invoke(AuthenticatorBase.java:542)
	at org.apache.catalina.core.StandardHostValve.invoke(StandardHostValve.java:143)
	at org.apache.catalina.valves.ErrorReportValve.invoke(ErrorReportValve.java:92)
	at org.apache.catalina.core.StandardEngineValve.invoke(StandardEngineValve.java:78)
	at org.apache.catalina.connector.CoyoteAdapter.service(CoyoteAdapter.java:357)
	at org.apache.coyote.http11.Http11Processor.service(Http11Processor.java:382)
	at org.apache.coyote.AbstractProcessorLight.process(AbstractProcessorLight.java:65)
	at org.apache.coyote.AbstractProtocol$ConnectionHandler.process(AbstractProtocol.java:893)
	at org.apache.tomcat.util.net.NioEndpoint$SocketProcessor.doRun(NioEndpoint.java:1723)
	at org.apache.tomcat.util.net.SocketProcessorBase.run(SocketProcessorBase.java:49)
	at java.base/java.util.concurrent.ThreadPoolExecutor.runWorker(ThreadPoolExecutor.java:1130)
	at java.base/java.util.concurrent.ThreadPoolExecutor$Worker.run(ThreadPoolExecutor.java:630)
	at org.apache.tomcat.util.threads.TaskThread$WrappingRunnable.run(TaskThread.java:61)
	at java.base/java.lang.Thread.run(Thread.java:832)
30 Jul 2021 - 00:04:39.558 [RMI TCP Connection(14)-127.0.0.1] INFO  o.s.b.a.SpringApplicationAdminMXBeanRegistrar$SpringApplicationAdmin - Application shutdown requested.
30 Jul 2021 - 00:04:39.597 [RMI TCP Connection(14)-127.0.0.1] INFO  o.s.o.j.LocalContainerEntityManagerFactoryBean - Closing JPA EntityManagerFactory for persistence unit 'default'
30 Jul 2021 - 00:04:39.599 [RMI TCP Connection(14)-127.0.0.1] INFO  com.zaxxer.hikari.HikariDataSource - HikariPool-1 - Shutdown initiated...
30 Jul 2021 - 00:04:39.606 [RMI TCP Connection(14)-127.0.0.1] INFO  com.zaxxer.hikari.HikariDataSource - HikariPool-1 - Shutdown completed.
30 Jul 2021 - 00:04:44.099 [main] INFO  B.e.gradeBook.EGradeBookApplication - Starting EGradeBookApplication using Java 15.0.2 on DESKTOP-GAE95KF with PID 3580 (C:\Users\admin\Desktop\BRAINS2021\Spring\EGradeBook\target\classes started by admin in C:\Users\admin\Desktop\BRAINS2021\Spring\EGradeBook)
30 Jul 2021 - 00:04:44.102 [main] INFO  B.e.gradeBook.EGradeBookApplication - No active profile set, falling back to default profiles: default
30 Jul 2021 - 00:04:44.711 [main] INFO  o.s.d.r.c.RepositoryConfigurationDelegate - Bootstrapping Spring Data JPA repositories in DEFAULT mode.
30 Jul 2021 - 00:04:44.791 [main] INFO  o.s.d.r.c.RepositoryConfigurationDelegate - Finished Spring Data repository scanning in 74 ms. Found 11 JPA repository interfaces.
30 Jul 2021 - 00:04:45.044 [main] INFO  o.s.c.s.PostProcessorRegistrationDelegate$BeanPostProcessorChecker - Bean 'org.springframework.security.access.expression.method.DefaultMethodSecurityExpressionHandler@24d61e4' of type [org.springframework.security.access.expression.method.DefaultMethodSecurityExpressionHandler] is not eligible for getting processed by all BeanPostProcessors (for example: not eligible for auto-proxying)
30 Jul 2021 - 00:04:45.048 [main] INFO  o.s.c.s.PostProcessorRegistrationDelegate$BeanPostProcessorChecker - Bean 'methodSecurityMetadataSource' of type [org.springframework.security.access.method.DelegatingMethodSecurityMetadataSource] is not eligible for getting processed by all BeanPostProcessors (for example: not eligible for auto-proxying)
30 Jul 2021 - 00:04:45.228 [main] INFO  o.s.b.w.e.tomcat.TomcatWebServer - Tomcat initialized with port(s): 8090 (http)
30 Jul 2021 - 00:04:45.236 [main] INFO  o.a.catalina.core.StandardService - Starting service [Tomcat]
30 Jul 2021 - 00:04:45.236 [main] INFO  o.a.catalina.core.StandardEngine - Starting Servlet engine: [Apache Tomcat/9.0.48]
30 Jul 2021 - 00:04:45.334 [main] INFO  o.a.c.c.C.[Tomcat].[localhost].[/] - Initializing Spring embedded WebApplicationContext
30 Jul 2021 - 00:04:45.335 [main] INFO  o.s.b.w.s.c.ServletWebServerApplicationContext - Root WebApplicationContext: initialization completed in 1199 ms
30 Jul 2021 - 00:04:45.698 [main] INFO  com.zaxxer.hikari.HikariDataSource - HikariPool-1 - Starting...
30 Jul 2021 - 00:04:45.980 [main] INFO  com.zaxxer.hikari.HikariDataSource - HikariPool-1 - Start completed.
30 Jul 2021 - 00:04:46.909 [main] INFO  o.s.o.j.LocalContainerEntityManagerFactoryBean - Initialized JPA EntityManagerFactory for persistence unit 'default'
30 Jul 2021 - 00:04:46.943 [main] WARN  o.s.b.a.o.j.JpaBaseConfiguration$JpaWebConfiguration - spring.jpa.open-in-view is enabled by default. Therefore, database queries may be performed during view rendering. Explicitly configure spring.jpa.open-in-view to disable this warning
30 Jul 2021 - 00:04:47.562 [main] INFO  o.s.b.a.s.s.UserDetailsServiceAutoConfiguration - 

Using generated security password: 257b111a-d048-4e3b-8f90-e390565b8d30

30 Jul 2021 - 00:04:47.630 [main] INFO  o.s.s.web.DefaultSecurityFilterChain - Will secure any request with [org.springframework.security.web.context.request.async.WebAsyncManagerIntegrationFilter@723081a2, org.springframework.security.web.context.SecurityContextPersistenceFilter@3857c5d5, org.springframework.security.web.header.HeaderWriterFilter@25d87313, org.springframework.security.web.authentication.logout.LogoutFilter@7916568d, Brains2021.electronic.gradeBook.config.JWTAuthorizationFilter@481f698f, org.springframework.security.web.savedrequest.RequestCacheAwareFilter@52a8f789, org.springframework.security.web.servletapi.SecurityContextHolderAwareRequestFilter@5b11d0d8, org.springframework.security.web.authentication.AnonymousAuthenticationFilter@41ae9f11, org.springframework.security.web.session.SessionManagementFilter@5694f6a0, org.springframework.security.web.access.ExceptionTranslationFilter@1f5a1ad4, org.springframework.security.web.access.intercept.FilterSecurityInterceptor@fc6cac6]
30 Jul 2021 - 00:04:47.949 [main] INFO  o.s.b.w.e.tomcat.TomcatWebServer - Tomcat started on port(s): 8090 (http) with context path ''
30 Jul 2021 - 00:04:47.956 [main] INFO  B.e.gradeBook.EGradeBookApplication - Started EGradeBookApplication in 4.178 seconds (JVM running for 4.796)
30 Jul 2021 - 00:04:50.730 [http-nio-8090-exec-2] INFO  o.a.c.c.C.[Tomcat].[localhost].[/] - Initializing Spring DispatcherServlet 'dispatcherServlet'
30 Jul 2021 - 00:04:50.855 [http-nio-8090-exec-2] INFO  B.e.g.c.AssignmentController - **GET TEACHER PAGINATED ASSIGNMENTS** Access to the endpoint successful.
30 Jul 2021 - 00:04:50.905 [http-nio-8090-exec-2] INFO  B.e.g.c.AssignmentController - **GET TEACHER PAGINATED ASSIGNMENTS** Attempt to invoke service to translate assignemnts to DTOSs.
30 Jul 2021 - 00:04:50.906 [http-nio-8090-exec-2] INFO  B.e.g.s.a.AssignmentServiceImp - ##ASIGNMENT SERVICE## Accessed service teacher assignments pagination.
30 Jul 2021 - 00:04:50.937 [http-nio-8090-exec-2] INFO  B.e.g.s.a.AssignmentServiceImp - ##ASIGNMENT SERVICE## Accessed service for DTO to Entity translation.
30 Jul 2021 - 00:04:50.943 [http-nio-8090-exec-2] INFO  B.e.g.s.a.AssignmentServiceImp - ##ASIGNMENT SERVICE## Translation done, DTOs populated, returning to controller.
30 Jul 2021 - 00:04:50.943 [http-nio-8090-exec-2] INFO  B.e.g.s.a.AssignmentServiceImp - ##ASIGNMENT SERVICE## All done, returning to controller.
30 Jul 2021 - 00:06:50.352 [http-nio-8090-exec-5] INFO  B.e.g.controllers.UserController - **LOGIN** User buhab attempting to log into the system.
30 Jul 2021 - 00:06:50.448 [http-nio-8090-exec-5] INFO  B.e.g.controllers.UserController - **LOGIN** Both attempt to find user buhab in the database and password validation turned out to be successful.
30 Jul 2021 - 00:06:50.448 [http-nio-8090-exec-5] INFO  B.e.g.controllers.UserController - **LOGIN** Attempting to create a token.
30 Jul 2021 - 00:06:50.465 [http-nio-8090-exec-5] INFO  B.e.g.controllers.UserController - **LOGIN** Assigning the token to a DTO.
30 Jul 2021 - 00:06:50.466 [http-nio-8090-exec-5] INFO  B.e.g.controllers.UserController - **LOGIN** User buhab has successfuly logged in the system.
30 Jul 2021 - 00:07:00.971 [http-nio-8090-exec-6] INFO  B.e.g.c.AssignmentController - **GET TEACHER PAGINATED ASSIGNMENTS** Access to the endpoint successful.
30 Jul 2021 - 00:07:00.975 [http-nio-8090-exec-6] INFO  B.e.g.c.AssignmentController - **GET TEACHER PAGINATED ASSIGNMENTS** Attempt to invoke service to translate assignemnts to DTOSs.
30 Jul 2021 - 00:07:00.975 [http-nio-8090-exec-6] INFO  B.e.g.s.a.AssignmentServiceImp - ##ASIGNMENT SERVICE## Accessed service teacher assignments pagination.
30 Jul 2021 - 00:07:00.979 [http-nio-8090-exec-6] INFO  B.e.g.s.a.AssignmentServiceImp - ##ASIGNMENT SERVICE## Accessed service for DTO to Entity translation.
30 Jul 2021 - 00:07:00.992 [http-nio-8090-exec-6] INFO  B.e.g.s.a.AssignmentServiceImp - ##ASIGNMENT SERVICE## Translation done, DTOs populated, returning to controller.
30 Jul 2021 - 00:07:00.993 [http-nio-8090-exec-6] INFO  B.e.g.s.a.AssignmentServiceImp - ##ASIGNMENT SERVICE## Accessed service for DTO to Entity translation.
30 Jul 2021 - 00:07:00.993 [http-nio-8090-exec-6] INFO  B.e.g.s.a.AssignmentServiceImp - ##ASIGNMENT SERVICE## Translation done, DTOs populated, returning to controller.
30 Jul 2021 - 00:07:00.993 [http-nio-8090-exec-6] INFO  B.e.g.s.a.AssignmentServiceImp - ##ASIGNMENT SERVICE## All done, returning to controller.
